[debug] [2023-09-20T02:58:29.024Z] ----------------------------------------------------------------------
[debug] [2023-09-20T02:58:29.027Z] Command:       C:\Program Files\nodejs\node.exe C:\Users\tejas\AppData\Roaming\npm\node_modules\firebase-tools\lib\bin\firebase.js init
[debug] [2023-09-20T02:58:29.028Z] CLI Version:   12.5.4
[debug] [2023-09-20T02:58:29.028Z] Platform:      win32
[debug] [2023-09-20T02:58:29.029Z] Node Version:  v18.17.1
[debug] [2023-09-20T02:58:29.030Z] Time:          Wed Sep 20 2023 08:28:29 GMT+0530 (India Standard Time)
[debug] [2023-09-20T02:58:29.030Z] ----------------------------------------------------------------------
[debug] 
[debug] [2023-09-20T02:58:29.041Z] > command requires scopes: ["email","openid","https://www.googleapis.com/auth/cloudplatformprojects.readonly","https://www.googleapis.com/auth/firebase","https://www.googleapis.com/auth/cloud-platform"]
[debug] [2023-09-20T02:58:29.041Z] > authorizing via signed-in user (suryaios440@gmail.com)
[info] 
     ######## #### ########  ######## ########     ###     ######  ########
     ##        ##  ##     ## ##       ##     ##  ##   ##  ##       ##
     ######    ##  ########  ######   ########  #########  ######  ######
     ##        ##  ##    ##  ##       ##     ## ##     ##       ## ##
     ##       #### ##     ## ######## ########  ##     ##  ######  ########

You're about to initialize a Firebase project in this directory:

  D:\reacctjs\my-react-app

[info] 
=== Project Setup
[info] 
[info] First, let's associate this project directory with a Firebase project.
[info] You can create multiple project aliases by running firebase use --add, 
[info] but for now we'll just set up a default project.
[info] 
[debug] [2023-09-20T02:58:41.294Z] >>> [apiv2][query] GET https://firebase.googleapis.com/v1beta1/projects pageSize=100
[debug] [2023-09-20T02:58:42.601Z] <<< [apiv2][status] GET https://firebase.googleapis.com/v1beta1/projects 200
[debug] [2023-09-20T02:58:42.602Z] <<< [apiv2][body] GET https://firebase.googleapis.com/v1beta1/projects [omitted]
[info] i  Using project react-sample-876fb (react sample) 
[info] 
=== Hosting Setup
[info] 
[info] Your public directory is the folder (relative to your project directory) that
[info] will contain Hosting assets to be uploaded with firebase deploy. If you
[info] have a build process for your assets, use your build's output directory.
[info] 
[debug] [2023-09-20T02:59:16.184Z] ----------------------------------------------------------------------
[debug] [2023-09-20T02:59:16.186Z] Command:       C:\Program Files\nodejs\node.exe C:\Users\tejas\AppData\Roaming\npm\node_modules\firebase-tools\lib\bin\firebase.js init
[debug] [2023-09-20T02:59:16.187Z] CLI Version:   12.5.4
[debug] [2023-09-20T02:59:16.187Z] Platform:      win32
[debug] [2023-09-20T02:59:16.187Z] Node Version:  v18.17.1
[debug] [2023-09-20T02:59:16.188Z] Time:          Wed Sep 20 2023 08:29:16 GMT+0530 (India Standard Time)
[debug] [2023-09-20T02:59:16.188Z] ----------------------------------------------------------------------
[debug] 
[debug] [2023-09-20T02:59:16.199Z] > command requires scopes: ["email","openid","https://www.googleapis.com/auth/cloudplatformprojects.readonly","https://www.googleapis.com/auth/firebase","https://www.googleapis.com/auth/cloud-platform"]
[debug] [2023-09-20T02:59:16.199Z] > authorizing via signed-in user (suryaios440@gmail.com)
[info] 
     ######## #### ########  ######## ########     ###     ######  ########
     ##        ##  ##     ## ##       ##     ##  ##   ##  ##       ##
     ######    ##  ########  ######   ########  #########  ######  ######
     ##        ##  ##    ##  ##       ##     ## ##     ##       ## ##
     ##       #### ##     ## ######## ########  ##     ##  ######  ########

You're about to initialize a Firebase project in this directory:

  D:\reacctjs\my-react-app

[info] 
=== Project Setup
[info] 
[info] First, let's associate this project directory with a Firebase project.
[info] You can create multiple project aliases by running firebase use --add, 
[info] but for now we'll just set up a default project.
[info] 
[debug] [2023-09-20T02:59:26.853Z] >>> [apiv2][query] GET https://firebase.googleapis.com/v1beta1/projects pageSize=100
[debug] [2023-09-20T02:59:27.913Z] <<< [apiv2][status] GET https://firebase.googleapis.com/v1beta1/projects 200
[debug] [2023-09-20T02:59:27.913Z] <<< [apiv2][body] GET https://firebase.googleapis.com/v1beta1/projects [omitted]
[info] i  Using project react-sample-876fb (react sample) 
[info] 
=== Hosting Setup
[info] 
[info] Your public directory is the folder (relative to your project directory) that
[info] will contain Hosting assets to be uploaded with firebase deploy. If you
[info] have a build process for your assets, use your build's output directory.
[info] 
[debug] [2023-09-20T02:59:54.936Z] >>> [apiv2][query] GET https://www.gstatic.com/firebasejs/releases.json [none]
[debug] [2023-09-20T02:59:55.195Z] <<< [apiv2][status] GET https://www.gstatic.com/firebasejs/releases.json 200
[debug] [2023-09-20T02:59:55.196Z] <<< [apiv2][body] GET https://www.gstatic.com/firebasejs/releases.json {"current":{"version":"10.4.0","browserURL":"https://www.gstatic.com/firebasejs/10.4.0/firebase.js","packageURL":"https://www.gstatic.com/firebasejs/10.4.0/firebase.tgz"},"live":{"version":"10.4","browserURL":"https://www.gstatic.com/firebasejs/live/10.4/firebase.js","packageURL":"https://www.gstatic.com/firebasejs/live/10.4/firebase.tgz"},"components":{"analytics":"https://www.gstatic.com/firebasejs/10.4.0/firebase-analytics.js","app":"https://www.gstatic.com/firebasejs/10.4.0/firebase-app.js","app-check":"https://www.gstatic.com/firebasejs/10.4.0/firebase-app-check.js","auth":"https://www.gstatic.com/firebasejs/10.4.0/firebase-auth.js","auth/cordova":"https://www.gstatic.com/firebasejs/10.4.0/firebase-auth/cordova.js","functions":"https://www.gstatic.com/firebasejs/10.4.0/firebase-functions.js","firestore":"https://www.gstatic.com/firebasejs/10.4.0/firebase-firestore.js","firestore/lite":"https://www.gstatic.com/firebasejs/10.4.0/firebase-firestore/lite.js","installations":"https://www.gstatic.com/firebasejs/10.4.0/firebase-installations.js","storage":"https://www.gstatic.com/firebasejs/10.4.0/firebase-storage.js","performance":"https://www.gstatic.com/firebasejs/10.4.0/firebase-performance.js","remote-config":"https://www.gstatic.com/firebasejs/10.4.0/firebase-remote-config.js","messaging":"https://www.gstatic.com/firebasejs/10.4.0/firebase-messaging.js","messaging/sw":"https://www.gstatic.com/firebasejs/10.4.0/firebase-messaging/sw.js","database":"https://www.gstatic.com/firebasejs/10.4.0/firebase-database.js","firestore.memory":"https://www.gstatic.com/firebasejs/10.4.0/firebase-firestore.memory.js"}}
[info] +  Wrote public/index.html 
[info] 
[info] i  Didn't detect a .git folder. Assuming D:\reacctjs\my-react-app is the project root. 
[info] i  Authorizing with GitHub to upload your service account to a GitHub repository's secrets store. 
[info] 
[info] Visit this URL on this device to log in:
[info] https://github.com/login/oauth/authorize?client_id=89cf50f02ac6aaed3484&state=513995578&redirect_uri=http%3A%2F%2Flocalhost%3A9005&scope=read%3Auser%20repo%20public_repo
[info] 
[info] Waiting for authentication...
[debug] [2023-09-20T03:01:21.156Z] >>> [apiv2][query] POST https://github.com/login/oauth/access_token [none]
[debug] [2023-09-20T03:01:21.157Z] >>> [apiv2][body] POST https://github.com/login/oauth/access_token [stream]
[debug] [2023-09-20T03:01:21.608Z] <<< [apiv2][status] POST https://github.com/login/oauth/access_token 200
[debug] [2023-09-20T03:01:21.608Z] <<< [apiv2][body] POST https://github.com/login/oauth/access_token {"access_token":"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","token_type":"bearer","scope":"read:user,repo"}
[debug] [2023-09-20T03:01:21.643Z] >>> [apiv2][query] GET https://api.github.com/user [none]
[debug] [2023-09-20T03:01:22.176Z] <<< [apiv2][status] GET https://api.github.com/user 200
[debug] [2023-09-20T03:01:22.176Z] <<< [apiv2][body] GET https://api.github.com/user {"login":"suryateja440","id":17534350,"node_id":"MDQ6VXNlcjE3NTM0MzUw","avatar_url":"https://avatars.githubusercontent.com/u/17534350?v=4","gravatar_id":"","url":"https://api.github.com/users/suryateja440","html_url":"https://github.com/suryateja440","followers_url":"https://api.github.com/users/suryateja440/followers","following_url":"https://api.github.com/users/suryateja440/following{/other_user}","gists_url":"https://api.github.com/users/suryateja440/gists{/gist_id}","starred_url":"https://api.github.com/users/suryateja440/starred{/owner}{/repo}","subscriptions_url":"https://api.github.com/users/suryateja440/subscriptions","organizations_url":"https://api.github.com/users/suryateja440/orgs","repos_url":"https://api.github.com/users/suryateja440/repos","events_url":"https://api.github.com/users/suryateja440/events{/privacy}","received_events_url":"https://api.github.com/users/suryateja440/received_events","type":"User","site_admin":false,"name":null,"company":null,"blog":"","location":null,"email":null,"hireable":null,"bio":null,"twitter_username":null,"public_repos":5,"public_gists":0,"followers":0,"following":0,"created_at":"2016-02-28T21:57:43Z","updated_at":"2023-09-11T14:41:47Z","private_gists":0,"total_private_repos":0,"owned_private_repos":0,"disk_usage":25115,"collaborators":0,"two_factor_authentication":false,"plan":{"name":"free","space":976562499,"collaborators":0,"private_repos":10000}}
[info] 
[info] +  Success! Logged into GitHub as suryateja440 
[info] 
